Starting ServerApp...
服务器已启动，监听端口 52487，等待客户端连接...
[HTTP] Server starting on 0.0.0.0:8080
[HTTP] Available endpoints:
[HTTP]   GET  /                     - 主页面（显示连接信息）
[HTTP]   GET  /api/devices          - 获取设备ID列表
[HTTP]   GET  /api/connections      - 获取详细连接信息
[HTTP]   POST /api/request_snapshot - 发送快照命令
[HTTP]   POST /api/send_b341        - 发送B341指令
[HTTP]   POST /api/upload_model     - 上传模型文件到设备
[HTTP]   GET  /health               - 健康检查
[HTTP]   GET  /api/test/add_connection - 测试：添加模拟连接
客户端连接: IP地址: 127.0.0.1; 端口号: 59234; fd=4
新客户端线程启动...
收到心跳请求，设备ID: 10370000123456789
接收心跳完毕返回值0, times = 1
接收到B351 05EF
PacketLen : 1419 
已发送B352
已发送B352 06EF 
Resolver: Bad DataSize=23920 (Byte0=A5 Byte1=5A)
Resolver: Bad DataSize=20849 (Byte0=A5 Byte1=5A)
Resolver: Bad DataSize=49725 (Byte0=A5 Byte1=5A)
Resolver: Bad DataSize=51790 (Byte0=A5 Byte1=5A)
Resolver: Bad DataSize=38475 (Byte0=A5 Byte1=5A)
Resolver: Bad DataSize=18890 (Byte0=A5 Byte1=5A)
Resolver: Bad DataSize=42932 (Byte0=A5 Byte1=5A)
Resolver: Bad DataSize=36600 (Byte0=A5 Byte1=5A)
Resolver: Bad DataSize=24948 (Byte0=A5 Byte1=5A)
Resolver: Bad DataSize=54611 (Byte0=A5 Byte1=5A)
Resolver: Bad DataSize=47501 (Byte0=A5 Byte1=5A)
Resolver: Bad DataSize=27484 (Byte0=A5 Byte1=5A)
Resolver: Bad DataSize=28631 (Byte0=A5 Byte1=5A)
Resolver: Bad DataSize=45586 (Byte0=A5 Byte1=5A)
Resolver: Bad DataSize=38259 (Byte0=A5 Byte1=5A)
Resolver: Bad DataSize=53481 (Byte0=A5 Byte1=5A)
Resolver: Bad DataSize=27231 (Byte0=A5 Byte1=5A)
Resolver: Bad DataSize=2494 (Byte0=A5 Byte1=5A)
Resolver: Bad DataSize=53070 (Byte0=A5 Byte1=5A)
Resolver: Bad DataSize=8176 (Byte0=A5 Byte1=5A)
Resolver: Bad DataSize=7956 (Byte0=A5 Byte1=5A)
Resolver: Bad DataSize=59594 (Byte0=A5 Byte1=5A)
Resolver: Bad DataSize=33648 (Byte0=A5 Byte1=5A)
Resolver: Bad DataSize=42056 (Byte0=A5 Byte1=5A)
Resolver: Bad DataSize=18851 (Byte0=A5 Byte1=5A)
Resolver: Bad DataSize=36098 (Byte0=A5 Byte1=5A)
Resolver: Bad DataSize=7805 (Byte0=A5 Byte1=5A)
Resolver: Bad DataSize=60813 (Byte0=A5 Byte1=5A)
Resolver: Bad DataSize=24025 (Byte0=A5 Byte1=5A)
Resolver: Bad DataSize=56659 (Byte0=A5 Byte1=5A)
Resolver: Bad DataSize=63210 (Byte0=A5 Byte1=5A)
Resolver: Bad DataSize=40639 (Byte0=A5 Byte1=5A)
RxLoop: Type=0x05/0xF1 Len=72
收到B37协议 出循环 通道号为1, 总共用时3.721229 图片接收完毕，无需补包！
0包,缺失
1包,缺失
2包,缺失
3包,缺失
4包,缺失
5包,缺失
6包,缺失
7包,缺失
8包,缺失
9包,缺失
10包,缺失
11包,缺失
12包,缺失
13包,缺失
14包,缺失
15包,缺失
16包,缺失
17包,缺失
18包,缺失
19包,缺失
20包,缺失
21包,缺失
22包,缺失
23包,缺失
24包,缺失
25包,缺失
26包,缺失
27包,缺失
28包,缺失
29包,缺失
30包,缺失
31包,缺失
32包,缺失
33包,缺失
34包,缺失
35包,缺失
36包,缺失
37包,缺失
38包,缺失
39包,缺失
40包,缺失
41包,缺失
42包,缺失
43包,缺失
44包,缺失
45包,缺失
46包,缺失
47包,缺失
48包,缺失
49包,缺失
50包,缺失
51包,缺失
52包,缺失
53包,缺失
54包,缺失
55包,缺失
56包,缺失
57包,缺失
58包,缺失
59包,缺失
60包,缺失
61包,缺失
62包,缺失
63包,缺失
64包,缺失
65包,缺失
66包,缺失
67包,缺失
68包,缺失
69包,缺失
70包,缺失
71包,缺失
72包,缺失
73包,缺失
74包,缺失
75包,缺失
76包,缺失
77包,缺失
78包,缺失
79包,缺失
80包,缺失
81包,缺失
82包,缺失
83包,缺失
84包,缺失
85包,缺失
86包,缺失
87包,缺失
88包,缺失
89包,缺失
90包,缺失
91包,缺失
92包,缺失
93包,缺失
94包,缺失
95包,缺失
96包,缺失
97包,缺失
98包,缺失
99包,缺失
100包,缺失
101包,缺失
102包,缺失
103包,缺失
104包,缺失
105包,缺失
106包,缺失
107包,缺失
108包,缺失
109包,缺失
110包,缺失
111包,缺失
112包,缺失
113包,缺失
114包,缺失
115包,缺失
116包,缺失
117包,缺失
118包,缺失
119包,缺失
120包,缺失
121包,缺失
122包,缺失
123包,缺失
124包,缺失
125包,缺失
126包,缺失
127包,缺失
128包,缺失
129包,缺失
130包,缺失
131包,缺失
132包,缺失
133包,缺失
134包,缺失
135包,缺失
136包,缺失
137包,缺失
138包,缺失
139包,缺失
140包,缺失
141包,缺失
142包,缺失
143包,缺失
144包,缺失
145包,缺失
146包,缺失
147包,缺失
148包,缺失
149包,缺失
150包,缺失
151包,缺失
152包,缺失
153包,缺失
154包,缺失
155包,缺失
156包,缺失
157包,缺失
158包,缺失
159包,缺失
160包,缺失
161包,缺失
162包,缺失
163包,缺失
164包,缺失
165包,缺失
166包,缺失
167包,缺失
168包,缺失
169包,缺失
170包,缺失
171包,缺失
172包,缺失
173包,缺失
174包,缺失
175包,缺失
176包,缺失
177包,缺失
178包,缺失
179包,缺失
180包,缺失
181包,缺失
182包,缺失
183包,缺失
184包,缺失
185包,缺失
186包,缺失
187包,缺失
188包,缺失
189包,缺失
190包,缺失
191包,缺失
192包,缺失
193包,缺失
194包,缺失
195包,缺失
196包,缺失
197包,缺失
198包,缺失
199包,缺失
200包,缺失
201包,缺失
202包,缺失
203包,缺失
204包,缺失
205包,缺失
206包,缺失
207包,缺失
208包,缺失
209包,缺失
210包,缺失
211包,缺失
212包,缺失
213包,缺失
214包,缺失
215包,缺失
216包,缺失
217包,缺失
218包,缺失
219包,缺失
220包,缺失
221包,缺失
222包,缺失
223包,缺失
224包,缺失
225包,缺失
226包,缺失
227包,缺失
228包,缺失
229包,缺失
230包,缺失
231包,缺失
232包,缺失
233包,缺失
234包,缺失
235包,缺失
236包,缺失
237包,缺失
238包,缺失
239包,缺失
240包,缺失
241包,缺失
242包,缺失
243包,缺失
244包,缺失
245包,缺失
246包,缺失
247包,缺失
248包,缺失
249包,缺失
250包,缺失
251包,缺失
252包,缺失
253包,缺失
254包,缺失
255包,缺失
256包,缺失
257包,缺失
258包,缺失
259包,缺失
260包,缺失
261包,缺失
262包,缺失
263包,缺失
264包,缺失
265包,缺失
266包,缺失
267包,缺失
268包,缺失
269包,缺失
270包,缺失
271包,缺失
272包,缺失
273包,缺失
274包,缺失
275包,缺失
276包,缺失
277包,缺失
278包,缺失
279包,缺失
280包,缺失
281包,缺失
282包,缺失
283包,缺失
284包,缺失
285包,缺失
286包,缺失
287包,缺失
288包,缺失
289包,缺失
290包,缺失
291包,缺失
292包,缺失
293包,缺失
294包,缺失
295包,缺失
296包,缺失
297包,缺失
298包,缺失
299包,缺失
300包,缺失
301包,缺失
302包,缺失
303包,缺失
304包,缺失
305包,缺失
306包,缺失
307包,缺失
308包,缺失
309包,缺失
310包,缺失
311包,缺失
312包,缺失
313包,缺失
314包,缺失
315包,缺失
316包,缺失
317包,缺失
318包,缺失
319包,缺失
320包,缺失
321包,缺失
322包,缺失
323包,缺失
324包,缺失
325包,缺失
326包,缺失
327包,缺失
328包,缺失
329包,缺失
330包,缺失
331包,缺失
332包,缺失
333包,缺失
334包,缺失
335包,缺失
336包,缺失
337包,缺失
338包,缺失
339包,缺失
340包,缺失
341包,缺失
342包,缺失
343包,缺失
344包,缺失
345包,缺失
346包,缺失
347包,缺失
348包,缺失
349包,缺失
350包,缺失
351包,缺失
352包,缺失
353包,缺失
354包,缺失
355包,缺失
356包,缺失
357包,缺失
358包,缺失
359包,缺失
360包,缺失
361包,缺失
362包,缺失
363包,缺失
364包,缺失
365包,缺失
366包,缺失
367包,缺失
368包,缺失
369包,缺失
370包,缺失
371包,缺失
372包,缺失
373包,缺失
374包,缺失
375包,缺失
376包,缺失
377包,缺失
378包,缺失
379包,缺失
380包,缺失
381包,缺失
382包,缺失
383包,缺失
384包,缺失
385包,缺失
386包,缺失
387包,缺失
388包,缺失
389包,缺失
390包,缺失
391包,缺失
392包,缺失
393包,缺失
394包,缺失
395包,缺失
396包,缺失
397包,缺失
398包,缺失
399包,缺失
400包,缺失
401包,缺失
402包,缺失
403包,缺失
404包,缺失
405包,缺失
406包,缺失
407包,缺失
408包,缺失
409包,缺失
410包,缺失
411包,缺失
412包,缺失
413包,缺失
414包,缺失
415包,缺失
416包,缺失
417包,缺失
418包,缺失
419包,缺失
420包,缺失
421包,缺失
422包,缺失
423包,缺失
424包,缺失
425包,缺失
426包,缺失
427包,缺失
428包,缺失
429包,缺失
430包,缺失
431包,缺失
432包,缺失
433包,缺失
434包,缺失
435包,缺失
436包,缺失
437包,缺失
438包,缺失
439包,缺失
440包,缺失
441包,缺失
442包,缺失
443包,缺失
444包,缺失
445包,缺失
446包,缺失
447包,缺失
448包,缺失
449包,缺失
450包,缺失
451包,缺失
452包,缺失
453包,缺失
454包,缺失
455包,缺失
456包,缺失
457包,缺失
458包,缺失
459包,缺失
460包,缺失
461包,缺失
462包,缺失
463包,缺失
464包,缺失
465包,缺失
466包,缺失
467包,缺失
468包,缺失
469包,缺失
470包,缺失
471包,缺失
472包,缺失
473包,缺失
474包,缺失
475包,缺失
476包,缺失
477包,缺失
478包,缺失
479包,缺失
480包,缺失
481包,缺失
482包,缺失
483包,缺失
484包,缺失
485包,缺失
486包,缺失
487包,缺失
488包,缺失
489包,缺失
490包,缺失
491包,缺失
492包,缺失
493包,缺失
494包,缺失
495包,缺失
496包,缺失
497包,缺失
498包,缺失
499包,缺失
500包,缺失
501包,缺失
502包,缺失
503包,缺失
504包,缺失
505包,缺失
506包,缺失
507包,缺失
508包,缺失
509包,缺失
510包,缺失
511包,缺失
512包,缺失
513包,缺失
514包,缺失
515包,缺失
516包,缺失
517包,缺失
518包,缺失
519包,缺失
520包,缺失
521包,缺失
522包,缺失
523包,缺失
524包,缺失
525包,缺失
526包,缺失
527包,缺失
528包,缺失
529包,缺失
530包,缺失
531包,缺失
532包,缺失
533包,缺失
534包,缺失
535包,缺失
536包,缺失
537包,缺失
538包,缺失
539包,缺失
540包,缺失
541包,缺失
542包,缺失
543包,缺失
544包,缺失
545包,缺失
546包,缺失
547包,缺失
548包,缺失
549包,缺失
550包,缺失
551包,缺失
552包,缺失
553包,缺失
554包,缺失
555包,缺失
556包,缺失
557包,缺失
558包,缺失
559包,缺失
560包,缺失
561包,缺失
562包,缺失
563包,缺失
564包,缺失
565包,缺失
566包,缺失
567包,缺失
568包,缺失
569包,缺失
570包,缺失
571包,缺失
572包,缺失
573包,缺失
574包,缺失
575包,缺失
576包,缺失
577包,缺失
578包,缺失
579包,缺失
580包,缺失
581包,缺失
582包,缺失
583包,缺失
584包,缺失
585包,缺失
586包,缺失
587包,缺失
588包,缺失
589包,缺失
590包,缺失
591包,缺失
592包,缺失
593包,缺失
594包,缺失
595包,缺失
596包,缺失
597包,缺失
598包,缺失
599包,缺失
600包,缺失
601包,缺失
602包,缺失
603包,缺失
604包,缺失
605包,缺失
606包,缺失
607包,缺失
608包,缺失
609包,缺失
610包,缺失
611包,缺失
612包,缺失
613包,缺失
614包,缺失
615包,缺失
616包,缺失
617包,缺失
618包,缺失
619包,缺失
620包,缺失
621包,缺失
622包,缺失
623包,缺失
624包,缺失
625包,缺失
626包,缺失
627包,缺失
628包,缺失
629包,缺失
630包,缺失
631包,缺失
632包,缺失
633包,缺失
634包,缺失
635包,缺失
636包,缺失
637包,缺失
638包,缺失
639包,缺失
640包,缺失
641包,缺失
642包,缺失
643包,缺失
644包,缺失
645包,缺失
646包,缺失
647包,缺失
648包,缺失
649包,缺失
650包,缺失
651包,缺失
652包,缺失
653包,缺失
654包,缺失
655包,缺失
656包,缺失
657包,缺失
658包,缺失
659包,缺失
660包,缺失
661包,缺失
662包,缺失
663包,缺失
664包,缺失
665包,缺失
666包,缺失
667包,缺失
668包,缺失
669包,缺失
670包,缺失
671包,缺失
672包,缺失
673包,缺失
674包,缺失
675包,缺失
676包,缺失
677包,缺失
678包,缺失
679包,缺失
680包,缺失
681包,缺失
682包,缺失
683包,缺失
684包,缺失
685包,缺失
686包,缺失
687包,缺失
688包,缺失
689包,缺失
690包,缺失
691包,缺失
692包,缺失
693包,缺失
694包,缺失
695包,缺失
696包,缺失
697包,缺失
698包,缺失
699包,缺失
700包,缺失
701包,缺失
702包,缺失
703包,缺失
704包,缺失
705包,缺失
706包,缺失
707包,缺失
708包,缺失
709包,缺失
710包,缺失
711包,缺失
712包,缺失
713包,缺失
714包,缺失
715包,缺失
716包,缺失
717包,缺失
718包,缺失
719包,缺失
720包,缺失
721包,缺失
722包,缺失
723包,缺失
724包,缺失
725包,缺失
726包,缺失
727包,缺失
728包,缺失
729包,缺失
730包,缺失
731包,缺失
732包,缺失
733包,缺失
734包,缺失
735包,缺失
736包,缺失
737包,缺失
738包,缺失
739包,缺失
740包,缺失
741包,缺失
742包,缺失
743包,缺失
744包,缺失
745包,缺失
746包,缺失
747包,缺失
748包,缺失
749包,缺失
750包,缺失
751包,缺失
752包,缺失
753包,缺失
754包,缺失
755包,缺失
756包,缺失
757包,缺失
758包,缺失
759包,缺失
760包,缺失
761包,缺失
762包,缺失
763包,缺失
764包,缺失
765包,缺失
766包,缺失
767包,缺失
768包,缺失
769包,缺失
770包,缺失
771包,缺失
772包,缺失
773包,缺失
774包,缺失
775包,缺失
776包,缺失
777包,缺失
778包,缺失
779包,缺失
780包,缺失
781包,缺失
782包,缺失
783包,缺失
784包,缺失
785包,缺失
786包,缺失
787包,缺失
788包,缺失
789包,缺失
790包,缺失
791包,缺失
792包,缺失
793包,缺失
794包,缺失
795包,缺失
796包,缺失
797包,缺失
798包,缺失
799包,缺失
800包,缺失
801包,缺失
802包,缺失
803包,缺失
804包,缺失
805包,缺失
806包,缺失
807包,缺失
808包,缺失
809包,缺失
810包,缺失
811包,缺失
812包,缺失
813包,缺失
814包,缺失
815包,缺失
816包,缺失
817包,缺失
818包,缺失
819包,缺失
820包,缺失
821包,缺失
822包,缺失
823包,缺失
824包,缺失
825包,缺失
826包,缺失
827包,缺失
828包,缺失
829包,缺失
830包,缺失
831包,缺失
832包,缺失
833包,缺失
834包,缺失
835包,缺失
836包,缺失
837包,缺失
838包,缺失
839包,缺失
840包,缺失
841包,缺失
842包,缺失
843包,缺失
844包,缺失
845包,缺失
846包,缺失
847包,缺失
848包,缺失
849包,缺失
850包,缺失
851包,缺失
852包,缺失
853包,缺失
854包,缺失
855包,缺失
856包,缺失
857包,缺失
858包,缺失
859包,缺失
860包,缺失
861包,缺失
862包,缺失
863包,缺失
864包,缺失
865包,缺失
866包,缺失
867包,缺失
868包,缺失
869包,缺失
870包,缺失
871包,缺失
872包,缺失
873包,缺失
874包,缺失
875包,缺失
876包,缺失
877包,缺失
878包,缺失
879包,缺失
880包,缺失
881包,缺失
882包,缺失
883包,缺失
884包,缺失
885包,缺失
886包,缺失
887包,缺失
888包,缺失
889包,缺失
890包,缺失
891包,缺失
892包,缺失
893包,缺失
894包,缺失
895包,缺失
896包,缺失
897包,缺失
898包,缺失
899包,缺失
900包,缺失
901包,缺失
902包,缺失
903包,缺失
904包,缺失
905包,缺失
906包,缺失
907包,缺失
908包,缺失
909包,缺失
910包,缺失
911包,缺失
912包,缺失
913包,缺失
914包,缺失
915包,缺失
916包,缺失
917包,缺失
918包,缺失
919包,缺失
920包,缺失
921包,缺失
922包,缺失
923包,缺失
924包,缺失
925包,缺失
926包,缺失
927包,缺失
928包,缺失
929包,缺失
930包,缺失
931包,缺失
932包,缺失
933包,缺失
934包,缺失
935包,缺失
936包,缺失
937包,缺失
938包,缺失
939包,缺失
940包,缺失
941包,缺失
942包,缺失
943包,缺失
944包,缺失
945包,缺失
946包,缺失
947包,缺失
948包,缺失
949包,缺失
950包,缺失
951包,缺失
952包,缺失
953包,缺失
954包,缺失
955包,缺失
956包,缺失
957包,缺失
958包,缺失
959包,缺失
960包,缺失
961包,缺失
962包,缺失
963包,缺失
964包,缺失
965包,缺失
966包,缺失
967包,缺失
968包,缺失
969包,缺失
970包,缺失
971包,缺失
972包,缺失
973包,缺失
974包,缺失
975包,缺失
976包,缺失
977包,缺失
978包,缺失
979包,缺失
980包,缺失
981包,缺失
982包,缺失
983包,缺失
984包,缺失
985包,缺失
986包,缺失
987包,缺失
988包,缺失
989包,缺失
990包,缺失
991包,缺失
992包,缺失
993包,缺失
994包,缺失
995包,缺失
996包,缺失
997包,缺失
998包,缺失
999包,缺失
1000包,缺失
1001包,缺失
1002包,缺失
1003包,缺失
1004包,缺失
1005包,缺失
1006包,缺失
1007包,缺失
1008包,缺失
1009包,缺失
1010包,缺失
1011包,缺失
1012包,缺失
1013包,缺失
1014包,缺失
1015包,缺失
1016包,缺失
1017包,缺失
1018包,缺失
1019包,缺失
1020包,缺失
1021包,缺失
1022包,缺失
1023包,缺失
1024包,缺失
1025包,缺失
1026包,缺失
1027包,缺失
1028包,缺失
1029包,缺失
1030包,缺失
1031包,缺失
1032包,缺失
1033包,缺失
1034包,缺失
1035包,缺失
1036包,缺失
1037包,缺失
1038包,缺失
1039包,缺失
1040包,缺失
1041包,缺失
1042包,缺失
1043包,缺失
1044包,缺失
1045包,缺失
1046包,缺失
1047包,缺失
1048包,缺失
1049包,缺失
1050包,缺失
1051包,缺失
1052包,缺失
1053包,缺失
1054包,缺失
1055包,缺失
1056包,缺失
1057包,缺失
1058包,缺失
1059包,缺失
1060包,缺失
1061包,缺失
1062包,缺失
1063包,缺失
1064包,缺失
1065包,缺失
1066包,缺失
1067包,缺失
1068包,缺失
1069包,缺失
1070包,缺失
1071包,缺失
1072包,缺失
1073包,缺失
1074包,缺失
1075包,缺失
1076包,缺失
1077包,缺失
1078包,缺失
1079包,缺失
1080包,缺失
1081包,缺失
1082包,缺失
1083包,缺失
1084包,缺失
1085包,缺失
1086包,缺失
1087包,缺失
1088包,缺失
1089包,缺失
1090包,缺失
1091包,缺失
1092包,缺失
1093包,缺失
1094包,缺失
1095包,缺失
1096包,缺失
1097包,缺失
1098包,缺失
1099包,缺失
1100包,缺失
1101包,缺失
1102包,缺失
1103包,缺失
1104包,缺失
1105包,缺失
1106包,缺失
1107包,缺失
1108包,缺失
1109包,缺失
1110包,缺失
1111包,缺失
1112包,缺失
1113包,缺失
1114包,缺失
1115包,缺失
1116包,缺失
1117包,缺失
1118包,缺失
1119包,缺失
1120包,缺失
1121包,缺失
1122包,缺失
1123包,缺失
1124包,缺失
1125包,缺失
1126包,缺失
1127包,缺失
1128包,缺失
1129包,缺失
1130包,缺失
1131包,缺失
1132包,缺失
1133包,缺失
1134包,缺失
1135包,缺失
1136包,缺失
1137包,缺失
1138包,缺失
1139包,缺失
1140包,缺失
1141包,缺失
1142包,缺失
1143包,缺失
1144包,缺失
1145包,缺失
1146包,缺失
1147包,缺失
1148包,缺失
1149包,缺失
1150包,缺失
1151包,缺失
1152包,缺失
1153包,缺失
1154包,缺失
1155包,缺失
1156包,缺失
1157包,缺失
1158包,缺失
1159包,缺失
1160包,缺失
1161包,缺失
1162包,缺失
1163包,缺失
1164包,缺失
1165包,缺失
1166包,缺失
1167包,缺失
1168包,缺失
1169包,缺失
1170包,缺失
1171包,缺失
1172包,缺失
1173包,缺失
1174包,缺失
1175包,缺失
1176包,缺失
1177包,缺失
1178包,缺失
1179包,缺失
1180包,缺失
1181包,缺失
1182包,缺失
1183包,缺失
1184包,缺失
1185包,缺失
1186包,缺失
1187包,缺失
1188包,缺失
1189包,缺失
1190包,缺失
1191包,缺失
1192包,缺失
1193包,缺失
1194包,缺失
1195包,缺失
1196包,缺失
1197包,缺失
1198包,缺失
1199包,缺失
1200包,缺失
1201包,缺失
1202包,缺失
1203包,缺失
1204包,缺失
1205包,缺失
1206包,缺失
1207包,缺失
1208包,缺失
1209包,缺失
1210包,缺失
1211包,缺失
1212包,缺失
1213包,缺失
1214包,缺失
1215包,缺失
1216包,缺失
1217包,缺失
1218包,缺失
1219包,缺失
1220包,缺失
1221包,缺失
1222包,缺失
1223包,缺失
1224包,缺失
1225包,缺失
1226包,缺失
1227包,缺失
1228包,缺失
1229包,缺失
1230包,缺失
1231包,缺失
1232包,缺失
1233包,缺失
1234包,缺失
1235包,缺失
1236包,缺失
1237包,缺失
1238包,缺失
1239包,缺失
1240包,缺失
1241包,缺失
1242包,缺失
1243包,缺失
1244包,缺失
1245包,缺失
1246包,缺失
1247包,缺失
1248包,缺失
1249包,缺失
1250包,缺失
1251包,缺失
1252包,缺失
1253包,缺失
1254包,缺失
1255包,缺失
1256包,缺失
1257包,缺失
1258包,缺失
1259包,缺失
1260包,缺失
1261包,缺失
1262包,缺失
1263包,缺失
1264包,缺失
1265包,缺失
1266包,缺失
1267包,缺失
1268包,缺失
1269包,缺失
1270包,缺失
1271包,缺失
1272包,缺失
1273包,缺失
1274包,缺失
1275包,缺失
1276包,缺失
1277包,缺失
1278包,缺失
1279包,缺失
1280包,缺失
1281包,缺失
1282包,缺失
1283包,缺失
1284包,缺失
1285包,缺失
1286包,缺失
1287包,缺失
1288包,缺失
1289包,缺失
1290包,缺失
1291包,缺失
1292包,缺失
1293包,缺失
1294包,缺失
1295包,缺失
1296包,缺失
1297包,缺失
1298包,缺失
1299包,缺失
1300包,缺失
1301包,缺失
1302包,缺失
1303包,缺失
1304包,缺失
1305包,缺失
1306包,缺失
1307包,缺失
1308包,缺失
1309包,缺失
1310包,缺失
1311包,缺失
1312包,缺失
1313包,缺失
1314包,缺失
1315包,缺失
1316包,缺失
1317包,缺失
1318包,缺失
1319包,缺失
1320包,缺失
1321包,缺失
1322包,缺失
1323包,缺失
1324包,缺失
13